-------------------------------------------------------------------------------
Test set: com.backendFrameworkWeb.gerenciadorDocumentos.GerenciadorDocumentosApplicationTests
-------------------------------------------------------------------------------
Tests run: 1, Failures: 0, Errors: 1, Skipped: 0, Time elapsed: 4.175 s <<< FAILURE! - in com.backendFrameworkWeb.gerenciadorDocumentos.GerenciadorDocumentosApplicationTests
contextLoads  Time elapsed: 0.015 s  <<< ERROR!
java.lang.IllegalStateException: Failed to load ApplicationContext for [WebMergedContextConfiguration@1ac730cd testClass = com.backendFrameworkWeb.gerenciadorDocumentos.GerenciadorDocumentosApplicationTests, locations = [], classes = [com.backendFrameworkWeb.gerenciadorDocumentos.GerenciadorDocumentosApplication], contextInitializerClasses = [], activeProfiles = [], propertySourceLocations = [], propertySourceProperties = ["org.springframework.boot.test.context.SpringBootTestContextBootstrapper=true"], contextCustomizers = [org.springframework.boot.test.context.filter.ExcludeFilterContextCustomizer@73e9cf30, org.springframework.boot.test.json.DuplicateJsonObjectContextCustomizerFactory$DuplicateJsonObjectContextCustomizer@3527942a, org.springframework.boot.test.mock.mockito.MockitoContextCustomizer@0, org.springframework.boot.test.web.client.TestRestTemplateContextCustomizer@65c7a252, org.springframework.boot.test.autoconfigure.actuate.observability.ObservabilityContextCustomizerFactory$DisableObservabilityContextCustomizer@9da1, org.springframework.boot.test.autoconfigure.properties.PropertyMappingContextCustomizer@0, org.springframework.boot.test.autoconfigure.web.servlet.WebDriverContextCustomizerFactory$Customizer@1ed4ae0f, org.springframework.boot.test.context.SpringBootTestAnnotation@7f8c3e4], resourceBasePath = "src/main/webapp", contextLoader = org.springframework.boot.test.context.SpringBootContextLoader, parent = null]
Caused by: org.springframework.beans.factory.BeanCreationException: Error creating bean with name 'flywayInitializer' defined in class path resource [org/springframework/boot/autoconfigure/flyway/FlywayAutoConfiguration$FlywayConfiguration.class]: Unsupported Database: MySQL 8.0
Caused by: org.flywaydb.core.api.FlywayException: Unsupported Database: MySQL 8.0

